"fast-and-furious" 00:01.022 null
"Paul-NAB" 00:01.197 null
"Shinsuke" 00:01.222 null
"Richard" 00:01.473 null
"ZivHsu" 00:01.551 null
"tanuki" 00:01.746 null
"Zex-HTC" 00:02.742 null
"Paul-Uber" 00:03.443 null
"NTHU-elsalab" 00:07.042 null
"Karl-NAB" 00:08.778 null
"2edgy" 00:09.203 null
"Etaggel" 00:09.475 null
"PGS-Tomasz-Panek" 00:10.017 null
"Breadcentric" 00:10.028 null
"yojio" 00:10.261 null
"think" 00:10.263 null
"kimwooglae" 00:10.264 null
"JimWu" 00:10.341 null
"nero-DNPds" 00:10.408 null
"JasonLian" 00:10.457 null
"Jouni-Cybercom" 00:10.495 null
"Narashika-DevelopersIO" 00:10.715 null
"10millionPowers-DevelopersIO" 00:10.841 null
"GT-DevelopersIO" 00:11.303 null
"Aiis-DNP" 00:11.312 null
"Jochem" 00:11.421 null
"sola-DNPds" 00:11.453 null
"Fumiaki" 00:11.627 null
"nalbam-me" 00:11.631 null
"Lars" 00:11.766 null
"ImoShochu-DevelopersIO" 00:11.851 null
"mogamin" 00:11.868 null
"yuki-h" 00:11.939 null
"Mentaiko-DevelopersIO" 00:11.968 null
"Alex-Schultz" 00:11.987 null
"DANKracer3" 00:11.997 null
"ShibaInu-DevelopersIO" 00:12.022 null
"hiroisojp" 00:12.174 null
"ABaykov" 00:12.280 null
"maeda-ai" 00:12.343 null
"YiLunLi" 00:12.535 null
"RockwellAutomation-SugarRush" 00:12.921 null
"Momotaro-DevelopersIO" 00:13.089 null
"zurit-v0" 00:13.094 null
"YazRacer2" 00:13.296 null
"leo-DNPds" 00:13.379 null
"RayG" 00:13.501 null
"Dalyo" 00:13.505 null
"ChangsooCap" 00:13.713 null
"Hazelnut-DevelopersIO" 00:13.856 null
"HY-DNP" 00:13.870 null
"akari-DevelopersIO" 00:14.148 null
"Yamada-PCI" 00:14.169 null
"taiyaki-DevelopersIO" 00:14.311 null
"Tempura-DevelopersIO" 00:14.371 null
"Voltecker-DevelopersIO" 00:14.644 null
"NEOWIZ-HOEIK" 00:14.709 null
"KAGRAZAKA-DNP" 00:14.892 null
"blue-sim" 00:15.103 null
"pinkdolphin" 00:15.110 null
"SKModel-A" 00:15.120 null
"StarlightDreamStudio" 00:15.265 null
"KJH" 00:15.330 null
"nalbam" 00:15.386 null
"Gremlin" 00:15.406 null
"SamplePreventZigzagSugarRush" 00:15.459 null
"luiscosio" 00:15.525 null
"Maverick" 00:15.580 null
"Common-Kingfisher" 00:15.611 null
"ELO-Kingfisher" 00:15.616 null
"T-Matsu" 00:15.631 null
"BespinRacer" 00:15.640 null
"N0b1ts" 00:15.681 null
"jayant-pwc" 00:15.686 null
"SampleFollowCenterLine1" 00:15.814 null
"easytorace-v1" 00:16.044 null
"RockwellAutomation-JavaJuice-v5" 00:16.152 null
"kito-DNPds" 00:16.254 null
"TNT" 00:16.323 null
"Nick-K" 00:16.344 null
"m4-fujiwara" 00:16.397 null
"Guga" 00:16.407 null
"Wasabi-DevelopersIO" 00:16.435 null
"GonLoki" 00:16.473 null
"Robin-Castro" 00:16.514 null
"TonyJ" 00:16.551 null
"hyeonwoo" 00:16.666 null
"Kire" 00:16.674 null
"PW-JH" 00:16.714 null
"Rubono" 00:16.795 null
"EddieJordan" 00:16.817 null
"coreylgorman" 00:16.870 null
"Mustapha-DZ" 00:17.268 null
"LM" 00:17.308 null
"TRS-DR" 00:17.323 null
"GWP" 00:17.349 null
"DarkChocolate" 00:17.436 null
"RockwellAutomation-LightningMcQueen3" 00:17.452 null
"woodstocktimes" 00:17.464 null
"Tricycle-NiftyLAB" 00:17.568 null
"Holly" 00:24.486 null
"rkom" 00:19.153 null
"ak401" 00:22.475 null
"RichardFan" 00:22.134 null
"GDIT-EB-Racer" 00:27.124 null
"mura" 00:17.593 null
"t-maru078" 00:18.108 null
"Cartral" 00:18.313 null
"SF" 00:18.767 null
"funakisu" 00:17.748 null
