"Karl-NAB" 00:09.7 990.261
"Fumiaki" 00:10.5 989.523
"Paul-NAB" 00:11.2 988.766
"Taiwan-Taipei-CKSun" 00:11.3 988.736
"10ANTZ-" 00:11.7 988.293
"maeda-ai" 00:12.2 987.761
"hiroisojp" 00:12.3 987.672
"hyeonwoo" 00:12.4 987.645
"Etaggel" 00:12.4 987.637
"RayG" 00:12.4 987.612
"nalbam-me" 00:12.4 987.599
"mogamin" 00:12.4 987.574
"PGS-Tomasz-Panek" 00:12.4 987.573
"Holly" 00:12.4 987.568
"ICBart" 00:12.5 987.533
"Rokki" 00:12.5 987.532
"PabloAlexandre" 00:12.5 987.519
"rkom" 00:12.5 987.506
"OBAKE" 00:12.5 987.483
"Breadcentric" 00:12.5 987.478
"FSI-innovation" 00:12.5 987.473
"osw" 00:12.5 987.465
"ABaykov" 00:12.6 987.439
"kazuyaM" 00:12.6 987.435
"JasonLian" 00:12.6 987.429
"Jouni-Cybercom" 00:12.6 987.41
"Maxmus-CT" 00:12.6 987.405
"ak401" 00:12.6 987.396
"arg1" 00:12.6 987.39
"HY-DNP" 00:12.6 987.384
"miniboss" 00:12.6 987.378
"Floppy-Driver" 00:12.7 987.349
"RichardFan" 00:12.7 987.333
"Nuwan" 00:12.7 987.325
"Choong-T-Tan" 00:12.7 987.315
"GDIT-EB-Racer" 00:12.7 987.314
"Wex-DLAI" 00:12.7 987.274
"Kire" 00:12.7 987.273
"hideki" 00:12.7 987.27
"nalbam" 00:12.7 987.263
"KAGRAZAKA-DNP" 00:12.7 987.253
"yamayoko" 00:12.8 987.238
"Alan-at-GJI" 00:12.8 987.232
"sadynitro" 00:12.8 987.231
"mura" 00:12.8 987.219
"Agni" 00:12.8 987.21
"Alan-Prost" 00:12.8 987.202
"10ANTZ-AI" 00:12.8 987.201
"yonaha" 00:12.8 987.198
"AWS-DEEP-PUDGE" 00:12.8 987.195
"Masaaki-Taguchi" 00:12.8 987.189
"imNaoking" 00:12.8 987.183
"yuki-h" 00:12.8 987.163
"MARIO" 00:12.8 987.151
"leo-DNPds" 00:12.9 987.127
"TonyJ" 00:12.9 987.125
"Robin-Castro" 00:12.9 987.122
"MedcRacer001" 00:12.9 987.107
"Bailey-Invast" 00:12.9 987.101
"t-oguma" 00:12.9 987.098
"Falkor" 00:12.9 987.094
"nero-DNPds" 00:12.9 987.086
"nws-iwa" 00:12.9 987.083
"mc" 00:12.9 987.074
"Sato" 00:12.9 987.066
"ZivHsu" 00:12.9 987.06
"Nick-K" 00:12.9 987.053
"Aiis-DNP" 00:13.0 987.042
"takahashi" 00:13.0 987.038
"BartCallant" 00:13.0 987.035
"Maverick" 00:13.0 987.01
"del" 00:13.0 987.008
"Jane" 00:13.0 987.007
"t-maru078" 00:13.0 986.992
"Alex" 00:13.0 986.986
"JimWu" 00:13.0 986.968
"N0b1ts" 00:13.0 986.955
"yusa" 00:13.0 986.955
"yamane3ch" 00:13.1 986.918
"Jonas-Cybercom" 00:13.1 986.905
"superTestone" 00:13.1 986.887
"Mike" 00:13.2 986.849
"CharlieB" 00:13.2 986.829
"hakunosuke" 00:13.2 986.816
"MattC" 00:13.2 986.815
"McTesty" 00:13.3 986.745
"SF" 00:13.3 986.738
"BL" 00:13.3 986.731
"Tarragona" 00:13.3 986.728
"praveen" 00:13.3 986.659
"dr-i-s-oki" 00:13.4 986.628
"sola-DNPds" 00:13.4 986.612
"Tocci" 00:13.5 986.541
"BespinRacer" 00:14.2 985.771
"cml" 00:14.5 985.517
"RickyBobby" 00:14.6 985.445
"ZeZke" 00:14.6 985.417
"NAB-Amith" 00:15.2 984.83
"Jochem" 00:15.2 984.779
"mh07" 00:15.5 984.538
"kimwooglae" 00:19.6 980.388
"kito-DNPds" 01:42.6 897.371
"KJH" 00:20.4 979.614
"MrMo" 00:25.1 974.888
"ECMC" 00:25.3 974.733
"Alex-Schultz" 00:22.0 977.993
"Carl" 00:22.0 977.986
"GWP" 00:21.4 978.631
