00:10.729 "ThinAirCar" null
00:11.110 "10millionPowers-DevelopersIO" null
00:11.446 "nero-DNPds" null
00:11.623 "ChangsooCap" null
00:12.069 "SilvioMoriNeto" null
00:12.844 "OneDudeDesign" null
00:13.047 "Melnana" null
00:13.528 "Dimitri" null
00:13.550 "Myth" null
00:13.894 "shamilin" null
00:14.600 "moncy0105" null
00:14.607 "aa" null
00:15.037 "Mister-McGoo" null
00:15.511 "shahram95" null
00:15.587 "henriquejsfj" null
00:15.667 "Wasabi-DevelopersIO" null
00:17.129 "GuMiBears" null
00:18.010 "cpallapolu" null
00:18.166 "AbdElrhman-Mohamed" null
00:18.235 "shebin" null
00:18.983 "VictorNascm" null
00:19.164 "Arias" null
00:20.004 "henriquepilbil" null
00:20.342 "Impulse" null
00:20.718 "amitsharma" null
00:20.975 "dotcosmos" null
00:21.716 "Enhardened" null
00:21.822 "Sciseed-HK" null
00:21.971 "vimana108" null
00:22.131 "trainocate" null
00:22.810 "asrivast" null
00:24.727 "chk-aws-deep-racer-1977" null
00:25.286 "BSi" null
00:28.284 "Andrew-B6" null
00:28.848 "arcspeeder" null
00:30.402 "IrinaGr" null
00:30.402 "deepdish" null
00:31.710 "tshanmukh" null
00:57.974 "JahanzBot" null
00:58.201 "BespinRacer" null
00:58.301 "reBorn" null
01:23.064 "MoWasp" null
