00:08.751 "JasonLian" null
00:09.416 "nero-DNPds" null
00:09.502 "JimWu" null
00:09.654 "piano" null
00:09.668 "kimwooglae" null
00:09.710 "PGS-Tomasz-Panek" null
00:09.786 "yojio" null
00:09.856 "BSi" null
00:09.966 "Sinuhe" null
00:10.120 "nalbam-me" null
00:10.127 "Mentaiko-DevelopersIO" null
00:10.237 "Narashika-DevelopersIO" null
00:10.255 "iceman-NCTU-CGI" null
00:10.438 "sola-DNPds" null
00:10.513 "rogAWS" null
00:10.567 "JJ" null
00:10.569 "rosscomp1" null
00:10.643 "DarkChocolate" null
00:10.652 "Aiis-DNP" null
00:10.652 "Parzival" null
00:10.715 "Crikey" null
00:10.762 "DANKracer3" null
00:10.789 "AndreiU" null
00:11.058 "ABaykov" null
00:11.122 "DR-DNPds" null
00:11.382 "SmiffyKMC" null
00:11.396 "kodama-SEC" null
00:11.434 "PRRC-DNP" null
00:11.455 "Dalyo" null
00:11.565 "OneDudeDesign" null
00:11.572 "hiroisojp" null
00:11.574 "leo-DNPds" null
00:11.578 "Michael-Equi" null
00:11.583 "Calin-Tesu" null
00:11.584 "ChangsooCap" null
00:11.591 "aws-challenger" null
00:11.602 "Maverick" null
00:11.604 "Alex-Schultz" null
00:11.647 "HY-DNP" null
00:11.660 "fiat126p" null
00:11.709 "gbrejeiro" null
00:11.765 "sammy" null
00:11.911 "Jochem" null
00:11.966 "Arc-Steering-Systems" null
00:12.047 "tiguan" null
00:12.057 "ss" null
00:12.064 "Jerec" null
00:12.130 "osanai" null
00:12.150 "sangwonBaek" null
00:12.250 "PabloEsparza" null
00:12.315 "sfs" null
00:12.389 "Covfefe" null
00:12.459 "TonyMarkham" null
00:12.469 "myrace" null
00:12.536 "ThefastBoy" null
00:12.595 "ThinAirCar" null
00:12.665 "Blockhasher" null
00:12.843 "Sheldor" null
00:12.937 "StarlightDreamStudio" null
00:13.008 "Tempura-DevelopersIO" null
00:13.029 "GarbageCar" null
00:13.096 "IvanMolto" null
00:13.107 "baka" null
00:13.131 "LokeshLalwani" null
00:13.192 "Hazelnut-DevelopersIO" null
00:13.268 "kito-DNPds" null
00:13.379 "Common-Kingfisher" null
00:13.605 "escanor1996" null
00:13.655 "sideshow-dan" null
00:13.736 "Robijohn" null
00:13.736 "HongKong-TonyTang" null
00:13.738 "light-cycle" null
00:13.922 "N3" null
00:13.924 "IVaibhavMalpani" null
00:13.927 "GuMiBears" null
00:13.966 "NoName" null
00:14.017 "mehmetoguzderin" null
00:14.046 "jonathan9879" null
00:14.050 "invincible" null
00:14.122 "JoeLeyba" null
00:14.220 "KolaB" null
00:14.272 "SatoM" null
00:14.287 "Py-Racer05" null
00:14.321 "Melnana" null
00:14.357 "race21979" null
00:14.451 "Letsgo" null
00:14.463 "Mister-McGoo" null
00:14.480 "CaosArkantos" null
00:14.494 "UK-ICELAND-NORWAY" null
00:14.581 "Chaldea" null
00:14.584 "KING" null
00:14.597 "Thor" null
00:14.608 "abrinto" null
00:14.615 "Rahul" null
00:14.617 "aa" null
00:14.631 "Adam-H" null
00:14.636 "reBorn" null
00:14.652 "MyRockRacer" null
00:14.661 "Rock-it" null
00:14.671 "LittleGoblinV2" null
00:16.586 "Kire" null
00:14.862 "KAGRAZAKA-DNP" null
00:20.964 "think" null
01:48.514 "T-Matsu" null
00:21.359 "Devina" null
