"Fumiaki" 00:10.312 null
"Karl-NAB" 00:10.609 null
"kimwooglae" 00:10.639 null
"think" 00:11.091 null
"kito-DNPds" 00:11.120 null
"sola-DNPds" 00:11.167 null
"maeda-ai" 00:11.245 null
"nero-DNPds" 00:11.607 null
"PGS-Tomasz-Panek" 00:11.706 null
"Breadcentric" 00:11.876 null
"hiroisojp" 00:12.124 null
"RichardFan" 00:12.154 null
"Jochem" 00:12.243 null
"T-Matsu" 00:12.468 null
"Lars" 00:12.561 null
"leo-DNPds" 00:12.655 null
"Jouni-Cybercom" 00:12.706 null
"KR-seren" 00:12.720 null
"hayakawa-ULS" 00:12.762 null
"Aiis-DNP" 00:12.763 null
"nalbam-me" 00:12.937 null
"DANKracer" 00:13.146 null
"Etaggel" 00:13.162 null
"ABaykov" 00:13.260 null
"t-maru078" 00:13.324 null
"mogamin" 00:13.359 null
"JasonLian" 00:13.494 null
"ICBart" 00:13.544 null
"hyeonwoo" 00:13.865 null
"NSD" 00:13.942 null
"Cartral" 00:14.285 null
"SF" 00:14.363 null
"Floppy-Driver" 00:14.391 null
"TonyJ" 00:14.396 null
"KJH" 00:14.450 null
"JKY-JB1" 00:14.540 null
"nalbam" 00:14.555 null
"yojio" 00:14.595 null
"BespinRacer" 00:14.597 null
"MrMo" 00:14.928 null
"Rokki" 00:14.935 null
"yuki-h" 00:14.944 null
"akari-DevelopersIO" 00:14.947 null
"ECMC" 00:14.968 null
"YiLunLi" 00:15.082 null
"funakisu" 00:15.254 null
"CharlieB" 00:15.274 null
"2edgy" 00:15.448 null
"Kire" 00:15.600 null
"hikarim-ULS" 00:15.629 null
"Jonas-Cybercom" 00:15.787 null
"Robin-Castro" 00:15.836 null
"Fluffy-Kittens" 00:15.941 null
"BlackBookCoop" 00:15.950 null
"ELO-Kingfisher" 00:16.053 null
"GWP" 00:16.264 null
"HarveyBC" 00:16.412 null
"zurit-v0" 00:16.421 null
"CELI-T1" 00:16.435 null
"GDIT-EB-Racer" 00:16.465 null
"SpeedRacer" 00:16.682 null
"Whirlwind" 00:16.723 null
"Mentaiko-DevelopersIO" 00:16.726 null
"RoboHide" 00:16.850 null
"JimWu" 00:16.861 null
"Momotaro-DevelopersIO" 00:16.912 null
"yonaha" 00:17.016 null
"SlowDownForWhat" 00:17.044 null
"Jean-donald" 00:17.090 null
"TemperanceSystemTechnologies" 00:17.131 null
"DAITOKAI-CM" 00:17.144 null
"Paul-NAB" 00:17.190 null
"first-deepracer-model" 00:17.215 null
"DrunkCar" 00:17.324 null
"Falkor" 00:17.382 null
"KevinGoGo" 00:17.441 null
"coreylgorman" 00:17.453 null
"Takoyaki-CM" 00:17.584 null
"Taiwan-Taipei-CKSun" 00:17.693 null
"Wex-DLAI" 00:17.740 null
"glivon" 00:17.742 null
"RocketNick" 00:17.862 null
"taiyaki-DevelopersIO" 00:17.900 null
"jeremyforan" 00:17.915 null
"DANKracer2" 00:18.035 null
"DarkChocolate" 00:18.052 null
"avni" 00:18.342 null
"TaylorYorkAWS" 00:18.400 null
"GonzaloRacer" 00:18.810 null
"KAGRAZAKA-DNP" 00:19.154 null
"cloudedu-MET" 00:19.186 null
"KeaganAI" 00:19.218 null
"AlexSP-D73" 00:19.309 null
"10millionPowers-DevelopersIO" 00:19.350 null
"astronav2" 00:19.584 null
"Alex-Data73" 00:19.611 null
"DRY000" 00:19.675 null
"dilemo-de-malliberulo" 00:19.737 null
"DeepKenichi" 00:19.850 null
"test-racer" 00:19.883 null
"RayG" 00:23.393 null
"Holly" 00:20.009 null
"rkom" 00:21.505 null
"HY-DNP" 00:23.656 null
"mura" 00:23.277 null
"Shinsuke" 00:25.435 null
"Narashika-DevelopersIO" 00:39.843 null
"GT-DevelopersIO" 00:22.420 null
"Alex-Schultz" 00:21.522 null
"Dalyo" 00:20.695 null
"Hazelnut-DevelopersIO" 01:26.820 null
"iceman-Cisco-GIS" 01:02.570 null
"Wasabi-DevelopersIO" 00:25.476 null
"Yoshishima" 01:02.302 null
"cladeira" 00:21.890 null
"HKW" 00:25.902 null
"Maverick" 00:22.690 null
