00:12.044 "maeda-ai" null
00:10.210 "hiroisojp" null
00:10.728 "hyeonwoo" null
00:08.813 "Etaggel" null
00:09.379 "RayG" null
00:09.996 "nalbam-me" null
00:09.673 "PGS-Tomasz-Panek" null
00:14.253 "ICBart" null
00:08.111 "Breadcentric" null
00:11.534 "ABaykov" null
00:08.413 "JasonLian" null
00:11.655 "Jouni-Cybercom" null
00:10.855 "HY-DNP" null
00:09.657 "RichardFan" null
00:10.581 "Kire" null
00:12.489 "nalbam" null
00:14.657 "KAGRAZAKA-DNP" null
00:09.409 "Fumiaki" null
00:08.028 "Karl-NAB" null
00:09.037 "kimwooglae" null
00:09.371 "think" null
00:13.100 "kito-DNPds" null
00:10.283 "sola-DNPds" null
00:09.296 "nero-DNPds" null
00:09.966 "Jochem" null
01:35.359 "T-Matsu" null
00:10.781 "leo-DNPds" null
00:10.433 "Aiis-DNP" null
00:13.257 "t-maru078" null
00:14.160 "SF" null
00:11.111 "TonyJ" null
00:12.834 "KJH" null
00:15.484 "JKY-JB1" null
00:09.300 "yojio" null
00:12.993 "BespinRacer" null
00:08.541 "YiLunLi" null
00:14.859 "funakisu" null
00:55.038 "Shinsuke" null
00:08.513 "JimWu" null
00:57.990 "Narashika-DevelopersIO" null
00:08.824 "GT-DevelopersIO" null
00:10.414 "Mentaiko-DevelopersIO" null
00:10.860 "Alex-Schultz" null
00:10.823 "DANKracer3" null
00:09.793 "ShibaInu-DevelopersIO" null
00:09.645 "Momotaro-DevelopersIO" null
00:11.463 "zurit-v0" null
00:10.387 "Dalyo" null
00:10.133 "ChangsooCap" null
