01:13.174 "RichardFan" null
02:01.096 "megadriver" null
02:38.067 "nalbam-me" null
02:58.920 "DBro" null
03:30.307 "kimwooglae" null
03:33.401 "ChangsooCap" null
03:45.261 "PolishThunder" null
03:47.135 "ABaykov" null
04:33.169 "Mentaiko-DevelopersIO" null
04:40.377 "MeteoNetworkLeague" null
04:46.777 "ShibaInu-DevelopersIO" null
04:46.921 "Nellak" null
06:06.537 "OneDudeDesign" null
06:14.321 "IC" null
06:18.742 "Robin-Castro" null
06:31.823 "nero-DNPds" null
07:08.600 "think" null
07:21.887 "Etaggel" null
07:24.954 "Taketo" null
07:36.312 "AlmaWin" null
08:42.990 "Dalyo" null
09:18.806 "piano" null
09:27.721 "sola-salon18" null
09:58.603 "Kire" null
10:39.764 "Breadcentric" null
