00:42.999 "JJ" null
00:57.823 "Robin-Castro" null
01:03.670 "dartjason" null
01:05.010 "ChangsooCap" null
01:05.480 "nalbam-me" null
01:05.947 "DriftKings-ET" null
01:06.682 "UNO-DENSO" null
01:06.894 "Hagibis" null
01:08.283 "megadriver" null
01:08.371 "Dalyo" null
01:09.566 "Taketo" null
01:12.635 "ABaykov" null
01:19.544 "RacingAbeam" null
01:22.591 "RichardFan" null
01:25.070 "SK-DENSO" null
01:28.114 "OneDudeDesign" null
01:38.725 "MING-CHUN" null
01:47.309 "FreeOfCharge" null
01:58.081 "GT-Racing" null
02:21.499 "trainocate" null
02:28.895 "MR2" null
03:48.767 "Testagain" null
03:49.374 "bowen" null
03:51.615 "MishManners" null
