01:08.664 "JJ" null
01:27.688 "PolishThunder" null
01:33.318 "DBro" null
01:33.965 "Robin-Castro" null
01:36.965 "GT-DevelopersIO" null
01:40.955 "RichardFan" null
01:41.837 "Lazuli" null
01:42.152 "dartjason" null
01:42.799 "RayG" null
01:45.143 "Galileo" null
01:48.306 "ShibaInu-DevelopersIO" null
01:50.095 "Etaggel" null
01:50.807 "nero-DNPds" null
01:56.168 "MING-CHUN" null
01:56.211 "ABaykov" null
01:56.489 "megadriver" null
01:56.804 "kimwooglae" null
01:57.127 "Mentaiko-DevelopersIO" null
02:00.389 "Keaton" null
02:02.090 "Hagibis" null
02:03.598 "think" null
02:03.860 "OneDudeDesign" null
02:10.223 "ChangsooCap" null
02:11.595 "nalbam-me" null
02:22.785 "Taketo" null
02:24.101 "Dalyo" null
02:26.669 "piano" null
02:28.567 "DriftKings-ET" null
02:31.055 "MattCamp" null
02:32.436 "RunBabyRun" null
02:35.482 "Nellak" null
02:38.765 "Kire" null
02:42.785 "mal" null
02:54.215 "AlmaWin" null
03:04.193 "Breadcentric" null
03:05.167 "dr-DNPds" null
03:06.968 "Tom-Morrow-Racer" null
03:09.007 "sola-salon18" null
03:16.789 "Romana" null
03:21.552 "kdog" null
03:26.078 "Giacomo" null
03:27.894 "trainocate" null
03:41.087 "Wasabi-DevelopersIO" null
03:47.015 "DeepFlyer" null
04:19.577 "Vaibhav" null
04:28.286 "00a" null
04:34.874 "Sophie-Merry" null
04:58.083 "FancyAmbulance" null
04:58.731 "P4trick" null
05:04.663 "Admin" null
05:14.802 "qweqwe" null
05:16.097 "rAIse-ing" null
08:22.173 "Haripriya" null
10:00.623 "Ajith" null
