01:17.170 "Yeti" null
01:24.587 "Ernesto" null
01:30.428 "OneDudeDesign" null
01:59.192 "Yxcas-DBS" null
02:02.655 "Cindy-DBS" null
02:03.321 "MING-CHUN" null
02:04.226 "PolishThunder" null
02:10.234 "Trinity" null
02:14.515 "RunBabyRun" null
02:20.768 "ABaykov" null
02:24.394 "kimwooglae" null
02:30.464 "SpeedForce" null
02:35.476 "think" null
02:40.761 "Penguin-DNPds" null
02:41.760 "nine9" null
02:43.928 "Wasabi-DevelopersIO" null
02:52.337 "AM730" null
02:58.454 "DBro" null
03:05.912 "kawatakzk-practice-01" null
03:07.348 "piano" null
03:11.695 "mayurmadnani" null
03:18.596 "sndyJPMC" null
03:27.950 "My-First-League-racer" null
03:35.188 "GT-Racing" null
03:35.353 "kimmizian" null
04:04.765 "DarkChocolate" null
04:34.034 "PCI" null
04:38.465 "KasztP" null
04:52.439 "r00t" null
05:19.983 "Lina" null
05:36.843 "Jsol-Nakase" null
06:05.182 "My-First-Deep-Racer" null
06:07.523 "SMYKsMagicBullet" null
07:50.285 "Rakesh-Arumalla" null
09:48.104 "Yuka-DBS" null
09:48.777 "XYAE" null
15:15.225 "exterior-muzzle" null
