01:54.404 "ABaykov" null
01:56.170 "OneDudeDesign" null
01:57.360 "nalbam-me" null
02:16.588 "PolishThunder" null
02:56.015 "MING-CHUN" null
03:55.807 "KasztP" null
04:05.649 "HungryHorace" null
04:25.344 "mellowmonk" null
04:40.100 "ForranVVP1" null
05:02.001 "TheFishFactory" null
05:06.619 "BetterAI" null
05:18.348 "atnmn635309" null
05:19.581 "Shrimangal" null
05:23.714 "MyNameTaken" null
05:25.156 "DPool-DBS" null
05:42.922 "HKC2EBasic" null
06:00.281 "SMYKsMagicBullet" null
06:25.384 "satussy777" null
06:34.743 "muzi" null
06:47.974 "chorori-mushi" null
06:57.726 "sairam" null
07:08.781 "X-Force" null
07:25.768 "Tarun99" null
07:29.892 "Sourav-DBS" null
07:47.913 "PickleT79" null
08:09.475 "nishant-DBS" null
08:15.333 "Bang" null
08:22.142 "brogrammers" null
08:46.079 "DR-Delaware-03" null
08:46.838 "Groovy-DNPds" null
08:50.123 "QiaoGao-DBS" null
09:16.314 "Coins-DBS" null
09:39.834 "guviswa" null
09:49.701 "DRS-DBS" null
10:09.954 "Asumi" null
10:52.713 "XH-DBS" null
11:00.539 "JPMC-London-04" null
