00:42.874 "JJ" null
00:52.661 "PolishThunder" null
00:53.717 "ShibaInu-DevelopersIO" null
00:53.990 "dartjason" null
00:55.688 "GT-DevelopersIO" null
00:59.177 "DriftKings-ET" null
00:59.661 "Duckworth" null
01:00.479 "ABaykov" null
01:00.627 "RichardFan" null
01:01.348 "think" null
01:01.450 "nalbam-me" null
01:01.956 "DBro" null
01:02.819 "kimwooglae" null
01:04.115 "Jochem" null
01:04.246 "TonyJ" null
01:04.520 "Galileo" null
01:04.527 "RomanKoles" null
01:05.227 "Robin-Castro" null
01:06.578 "TRS-DR" null
01:06.872 "ARISE-DRC" null
01:07.463 "Mentaiko-DevelopersIO" null
01:08.230 "chilmeran" null
01:08.960 "Dalyo" null
01:09.485 "Fumiaki" null
01:10.432 "TimothyTan" null
01:11.154 "ChangsooCap" null
01:13.684 "satussy777" null
01:14.291 "Roxies-Racer" null
01:14.659 "evanca" null
01:15.076 "RacingAbeam" null
01:15.242 "hiroisojp" null
01:16.013 "MattCamp" null
01:16.383 "Joffe-Cybercom" null
01:17.303 "DTNDeepRacer" null
01:17.703 "BR4M" null
01:18.093 "MinShi" null
01:18.676 "acn-torchcar-msasaki-01" null
01:19.075 "Lilou-2" null
01:19.378 "piano" null
01:20.136 "TeamMadison" null
01:20.415 "PaulMR" null
01:21.830 "Garage-ISEP" null
01:22.548 "LastManStanding" null
01:22.673 "Giacomo" null
01:22.962 "Kit" null
01:23.842 "Myplanet-Rogue-One" null
01:23.911 "lincrea" null
01:24.209 "IVaibhavMalpani" null
01:24.740 "skanumuri" null
01:24.788 "Momotaro-DevelopersIO" null
01:24.846 "2nd" null
01:25.538 "TBK" null
01:25.802 "unbelievable-machine" null
01:26.276 "bigfella" null
01:26.357 "Fast-and-Curious" null
01:26.465 "HUNMR" null
01:26.508 "AbdElrhman-Mohamed" null
01:26.659 "mura" null
01:26.969 "CRMRacer" null
01:27.977 "TinoMustang" null
01:28.250 "TigerRelativistas" null
01:28.286 "monaou-idousitai" null
01:28.452 "chanathunder" null
01:29.322 "Maxmintor" null
01:30.026 "rkrocks" null
01:30.480 "Ninja" null
01:30.723 "Mano" null
01:31.259 "DR-Boong" null
01:31.348 "naoaki" null
01:31.750 "Common-Kingfisher" null
01:31.909 "stella" null
01:31.914 "Dimitri" null
01:32.838 "DataLaker" null
01:32.884 "BabyBoo" null
01:33.108 "KNN" null
01:33.244 "NimitaP" null
01:34.126 "21emon" null
01:34.219 "Aminem" null
01:34.469 "MIKAN" null
01:34.818 "Raphael" null
01:35.088 "okamt-DENSO" null
01:35.389 "Keaton" null
01:35.461 "kdog" null
01:36.079 "BaileyBoo" null
01:36.096 "SMC-bayashiko" null
01:37.161 "AE87" null
01:38.087 "Breadcentric" null
01:38.783 "rodzanto" null
01:39.123 "Soothsayer" null
01:39.276 "Raj03032020" null
01:39.583 "Eibegger" null
01:39.624 "Ericsson" null
01:39.918 "DarkChocolate" null
01:40.065 "nine9" null
01:42.477 "m-hosokawa-nes" null
01:42.618 "jv-smasher" null
01:43.685 "kikuchi" null
01:44.098 "RoboRacerSerge" null
01:45.419 "coffeebeater-DENSO" null
01:45.707 "aaaaaa" null
