01:56.114 "Yeti" null
02:02.376 "nero-DNPds" null
02:11.606 "OneDudeDesign" null
02:33.568 "gigi-DNPds" null
02:46.990 "ABaykov" null
02:49.797 "MING-CHUN" null
02:51.261 "Penguin-DNPds" null
02:51.414 "Groovy-DNPds" null
02:52.811 "Wasabi-DevelopersIO" null
02:57.583 "nalbam-me" null
03:01.337 "Asumi" null
03:13.938 "mayurmadnani" null
03:17.249 "PolishThunder" null
03:25.359 "GDMSDeepRacerRI-1" null
03:31.356 "Galileo" null
03:42.589 "RunBabyRun" null
03:45.431 "kimmizian" null
03:50.862 "sola-salon18" null
03:55.124 "RichardFan" null
03:59.890 "kimwooglae" null
04:02.144 "piano" null
04:09.236 "DarkChocolate" null
04:13.530 "Rakesh-Arumalla" null
04:27.769 "test-race01" null
05:03.716 "RRacer" null
05:06.623 "Sourav-DBS" null
05:11.325 "onlythree" null
05:48.836 "onepau" null
05:52.965 "think" null
05:58.983 "GT-Racing" null
06:16.441 "KasztP" null
06:21.809 "MyNameTaken" null
06:24.281 "kfirachen2020summitRacer" null
06:42.339 "j0708" null
07:23.658 "SMYKsMagicBullet" null
09:45.921 "HarshalM" null
10:52.715 "nine9" null
13:33.337 "firnnauriel" null
