02:19.181 "OneDudeDesign" null
02:19.976 "ABaykov" null
02:22.625 "nalbam-me" null
02:39.443 "kimwooglae" null
03:01.081 "think" null
03:04.001 "MING-CHUN" null
03:08.136 "RunBabyRun" null
03:13.852 "PolishThunder" null
03:16.697 "Wasabi-DevelopersIO" null
03:29.650 "piano" null
04:26.250 "KasztP" null
04:27.824 "GT-Racing" null
04:52.346 "TARS" null
05:01.750 "Rakesh-Arumalla" null
05:51.820 "speedIsAName" null
06:18.047 "MyNameTaken" null
07:07.826 "SMYKsMagicBullet" null
07:44.278 "satussy777" null
09:58.098 "Penguin-DNPds" null
10:13.892 "Asumi" null
10:54.689 "Venkatesh" null
