01:52.756 "Jianlong-DBS" null
01:54.711 "PolishThunder" null
01:56.233 "RayG" null
02:00.785 "MattCamp" null
02:01.178 "ABaykov" null
02:02.957 "Robin-Castro" null
02:08.436 "OneDudeDesign" null
02:10.762 "Suanlah" null
02:13.010 "taturabe" null
02:15.311 "Hagibis" null
02:26.147 "mayurmadnani" null
02:26.454 "avni" null
02:27.012 "ESADE-MIBA-1" null
02:29.873 "Etaggel" null
02:31.828 "myCar-trail-1-clone" null
02:33.709 "skanumuri" null
02:35.115 "think" null
02:38.016 "JonathanRacer" null
02:39.575 "LastManStanding" null
02:45.000 "Rakesh-Arumalla" null
02:54.218 "satussy777" null
02:55.056 "HKC2EBasic" null
02:55.071 "Redfalcon5" null
02:58.992 "Smiles93" null
03:01.627 "dartjason" null
03:06.824 "DriftKings-ET" null
03:21.284 "shb7628" null
03:25.370 "kimwooglae" null
03:33.414 "piano" null
03:44.050 "FireboltKnight" null
03:55.584 "DBro" null
03:57.801 "Alfcanada" null
03:59.449 "TiagoSantos" null
04:02.043 "JHU-Carey" null
04:04.519 "powerpeter" null
04:09.630 "chill9" null
04:10.339 "nlazouzi" null
04:13.132 "gautamb" null
04:15.785 "Garage-ISEP" null
04:17.473 "juvchan" null
04:17.595 "Kire" null
04:18.028 "MING-CHUN" null
04:18.482 "Rockett-0" null
04:27.918 "Joechan-DBS" null
04:35.260 "KevinTheBabe" null
04:37.982 "WSR" null
04:38.588 "MATCHA2020" null
04:43.251 "IVaibhavMalpani" null
04:45.683 "bdml38" null
04:48.607 "shallan-davar" null
04:50.616 "CardinalHealth-EA-League" null
04:51.295 "MR2" null
04:51.644 "NicolasCofre" null
04:51.683 "bdml-38" null
04:52.286 "Zengine" null
04:54.844 "nalbam-me" null
04:57.414 "bdml16" null
04:57.954 "Duckworth" null
04:59.355 "FirstSubmissi0n" null
04:59.622 "DrSong" null
05:00.747 "PrimeWheels" null
05:00.813 "Kenji" null
05:02.789 "doraemon" null
05:03.568 "bdml23" null
05:05.629 "LightningMcCheng" null
05:05.730 "DarkChocolate" null
05:07.943 "Ernesto" null
05:09.238 "MrDeep209" null
05:10.058 "Dumbo" null
05:14.087 "bdml09" null
05:22.441 "COTA" null
05:24.279 "LaudaHunt" null
05:24.652 "RoadRash" null
05:25.194 "Mentaiko-DevelopersIO" null
05:28.664 "suneric" null
05:28.833 "Dallas-DeepRacer-SB2" null
05:33.191 "shibo" null
05:35.848 "DJL" null
05:39.212 "billiardyoda" null
05:40.553 "bdml20-model1" null
05:41.300 "masters-Glasgow" null
05:41.406 "KevinS" null
05:44.684 "Hans-Racing" null
05:45.419 "zewenl" null
05:46.922 "zman" null
05:48.333 "bdml33" null
05:49.034 "Walkingbus" null
05:53.855 "JamHil12" null
06:00.882 "JoeyN" null
06:01.641 "Galileo" null
06:01.882 "Tiago" null
06:03.621 "Dallas-DeepRacer-SB3" null
06:10.602 "david99world" null
06:11.163 "UBPhoenixRacer" null
06:16.151 "ArtificialKinesis" null
06:20.535 "Group22" null
06:20.616 "RichardFan" null
06:22.467 "tl" null
06:26.167 "Nikolomonsta" null
06:27.761 "foscarrrrr" null
