00:47.999 "JJ" null
00:50.169 "Fumiaki" null
00:55.194 "OneDudeDesign" null
00:55.361 "Duckworth" null
00:58.777 "kimmizian" null
01:00.664 "Ernesto" null
01:02.480 "UncleGK-DBS" null
01:03.146 "Yxcas-DBS" null
01:07.082 "Cindy-DBS" null
01:13.345 "ABaykov" null
01:14.568 "JPMC-London-04" null
01:14.701 "Yeti" null
01:15.510 "DBro" null
01:16.924 "LLT" null
01:17.929 "FTSuan-DBS" null
01:21.424 "Matt" null
01:22.898 "JPMC-London-03" null
01:24.459 "JPMC-Bmth-02" null
01:25.690 "PolishThunder" null
01:27.121 "SpeedForce" null
01:31.267 "D4N5-Albert" null
01:32.397 "VipinMiglaniSB" null
01:32.568 "Penguin-DNPds" null
01:33.699 "FRacer" null
01:35.987 "sawa" null
01:37.875 "MOROCAR" null
01:38.136 "Trinity" null
01:38.527 "muzi" null
01:38.827 "kimwooglae" null
01:40.779 "mayurmadnani" null
01:42.009 "Galileo" null
01:42.197 "Sophon-PWY" null
01:42.215 "Velomobile" null
01:42.614 "The-Wheels-Promise-4" null
01:43.770 "mssalvadk-DBS" null
01:44.029 "nine9" null
01:44.815 "BikerSardinesFromEdinburgh" null
01:45.514 "Hobey" null
01:45.727 "CODEGYM" null
01:45.772 "AlexXue" null
01:46.846 "think" null
01:47.026 "Kinonotabi" null
01:47.068 "onepau" null
01:48.176 "RunBabyRun" null
01:48.580 "ShivashishBorah" null
01:48.782 "jia-DBS" null
01:48.789 "TheFishFactory" null
01:49.639 "Enigma01" null
01:49.652 "ishizaki-SEC" null
01:51.572 "Dolphin-DNPds" null
01:52.246 "shreyshan" null
01:52.438 "Konatsu-bakuso" null
01:53.560 "lone-wolf-1" null
01:53.663 "kawatakzk-practice-01" null
01:54.265 "Asumi" null
01:55.066 "alb1" null
01:55.552 "MA-DR-1" null
01:56.814 "RAYxperience" null
01:57.346 "MING-CHUN" null
01:58.075 "REAGroupAsia" null
01:58.401 "PCI" null
01:59.623 "33267802" null
02:01.399 "zl-ong" null
02:02.243 "ConquerTheWorld" null
02:02.332 "NLMaas" null
02:02.507 "RRacer" null
02:02.622 "tehBananas" null
02:03.246 "AM730" null
02:03.351 "KasztP" null
02:07.509 "mellowmonk" null
02:09.475 "Wasabi-DevelopersIO" null
02:09.626 "My-First-Deep-Racer" null
02:09.929 "ttt" null
02:10.144 "piano" null
02:10.247 "recar1317" null
02:10.319 "i727935-league" null
02:10.770 "Coddi" null
02:11.060 "sndyJPMC" null
02:12.060 "Swifters" null
02:12.864 "OscarIVECloud" null
02:13.130 "N-Hiro" null
02:13.223 "MarioRacer" null
02:13.608 "crazykartrider" null
02:13.783 "DarkChocolate" null
02:14.296 "s1thind" null
02:14.474 "ForranVVP1" null
02:14.626 "Minime" null
02:15.508 "eval-test" null
02:16.453 "DeLorean" null
02:16.506 "OpSpeed" null
02:16.843 "jbchavis" null
02:17.228 "CrazyRichBayesians-Janrey" null
02:17.427 "DSO" null
02:17.526 "Schumi" null
02:17.766 "bacc-sandbox-1" null
02:17.924 "ReisBE-DangeRacer" null
02:18.301 "LionKuo-DBS" null
02:19.111 "quibski" null
02:19.582 "MY-Crew" null
02:20.067 "Audi8" null
