01:05.544 "JJ" null
01:07.940 "Karl-NAB" null
01:13.814 "RayG" null
01:20.030 "ShinyThings-DBS" null
01:21.838 "GT-DevelopersIO" null
01:22.759 "Yeti" null
01:24.342 "Jianlong-DBS" null
01:24.744 "OneDudeDesign" null
01:26.632 "Airborne" null
01:29.954 "PolishThunder" null
01:32.029 "Jerec" null
01:32.244 "X-DENSO" null
01:32.537 "VaughanDiesel" null
01:33.374 "DBro" null
01:34.621 "Carl" null
01:35.990 "ABaykov" null
01:36.061 "nero-DNPds" null
01:37.934 "satussy777" null
01:38.169 "UNO-DENSO" null
01:38.343 "JPMC-London-03" null
01:39.505 "Robin-Castro" null
01:43.509 "Mentaiko-DevelopersIO" null
01:47.511 "kotaro-DNPds" null
01:47.795 "MohamedKhanafer" null
01:48.116 "Galileo" null
01:49.651 "DarkChocolate" null
01:50.616 "tomota" null
01:52.607 "FTSuan-DBS" null
01:53.010 "powerpeter" null
01:57.714 "sola-salon18" null
01:59.408 "CJ-0376" null
02:03.116 "RunBabyRun" null
02:04.163 "kimwooglae" null
02:05.062 "Smiles93" null
02:05.067 "LarsT" null
02:08.435 "MING-CHUN" null
02:10.286 "nalbam-me" null
02:12.106 "Adam-H" null
02:14.910 "BSi" null
02:15.602 "Ernesto" null
02:15.861 "manzooi" null
02:19.072 "hoomy-DDSds" null
02:19.543 "voyager-DNPds" null
02:20.456 "CaliSchwiizer" null
02:23.264 "think" null
02:24.117 "tc-test" null
02:24.340 "Audi8" null
02:28.388 "funny" null
02:29.313 "onepau" null
02:29.598 "mocha" null
02:31.649 "Asumi" null
02:33.764 "Matt" null
02:34.814 "Ganesh-DBS" null
02:37.569 "CloudCreative" null
02:38.392 "Konatsu-bakuso" null
02:42.457 "Khan97" null
02:43.287 "twisperIO" null
02:45.688 "psy88" null
02:47.678 "KarolMajek" null
02:49.469 "scottsfirstmodel" null
02:52.037 "IEtestrace" null
02:53.104 "RacerPro" null
02:53.838 "Mainak-Ghosh" null
02:54.331 "PCI" null
02:55.402 "Bang" null
02:55.410 "DeepRacerMS1-clone-new1" null
02:59.122 "JPMC-London-01" null
02:59.353 "Wasabi-DevelopersIO" null
03:00.504 "skanumuri" null
03:00.547 "Edwin-X" null
03:01.008 "piano" null
03:03.779 "MR2" null
03:04.411 "gt40" null
03:04.792 "cmkrcs1" null
03:06.735 "RelampagoMarquinhos" null
03:08.452 "IamFaster" null
03:09.921 "Subash" null
03:10.797 "PaulMR" null
03:12.611 "Lina" null
03:14.899 "Test01-azusawa-001" null
03:20.368 "muzi" null
03:20.464 "Joechan-DBS" null
03:21.341 "RRacer" null
03:22.613 "HKC2EBasic" null
03:22.743 "mariagarcianm" null
03:24.418 "Bibake" null
03:25.243 "i727935-league" null
03:25.651 "ColtFour-YvasvnMana" null
03:27.254 "kent" null
03:28.602 "TestGoSlow" null
03:29.353 "Wheelspin" null
03:29.365 "avni" null
03:29.468 "HungryHorace" null
03:29.488 "MrRacer24" null
03:30.839 "LaudaHunt" null
03:31.646 "jbchavis" null
03:33.116 "seedjay" null
03:34.011 "ttt" null
03:34.077 "MyFirstSampleRace" null
03:34.207 "RhysG" null
