01:57.246 "JJ" null
02:08.718 "kimmizian" null
02:14.985 "OneDudeDesign" null
02:15.403 "Yeti" null
02:18.400 "tranvietdung-DBS" null
02:19.179 "TienHoang-DBS" null
02:35.745 "mayurmadnani" null
02:37.567 "PolishThunder" null
02:41.113 "Penguin-DNPds" null
02:43.663 "RunBabyRun" null
02:57.215 "CloudCreative" null
02:57.325 "MING-CHUN" null
02:57.611 "Kire" null
03:04.575 "MM" null
03:04.698 "think" null
03:06.301 "kimwooglae" null
03:08.493 "ThumbOrDummy" null
03:14.994 "Adam-H" null
03:15.010 "Ruddy" null
03:18.369 "sasagawa-SEC" null
03:22.415 "AM730" null
03:25.600 "Rakesh-Arumalla" null
03:36.315 "ishizaki-SEC" null
03:40.086 "OscarIVECloud" null
03:40.934 "Shiv" null
03:45.463 "My-First-Deep-Racer" null
04:00.791 "HONG-IVE-CLOUD" null
04:14.049 "DarkChocolate" null
04:22.814 "GT-Racing" null
04:38.128 "piano" null
04:39.877 "Wasabi-DevelopersIO" null
05:18.984 "Personalee" null
05:25.206 "charles-leclerc" null
05:28.162 "Kurosaki" null
05:55.659 "CruzRamirez" null
06:28.061 "SMYKsMagicBullet" null
08:48.548 "McMuz70" null
10:45.738 "msckrishna" null
