02:51.568 "Robin-Castro" null
02:57.525 "RayG" null
03:33.302 "MattCamp" null
03:34.232 "Jianlong-DBS" null
03:36.372 "OneDudeDesign" null
03:38.573 "ABaykov" null
03:47.388 "PolishThunder" null
04:11.162 "mayurmadnani" null
04:15.100 "RichardFan" null
04:23.178 "piano" null
04:33.366 "Etaggel" null
04:54.335 "DriftKings-ET" null
05:10.548 "nalbam-me" null
05:44.920 "DBro" null
05:53.091 "avni" null
06:05.127 "Hagibis" null
06:10.031 "Rakesh-Arumalla" null
06:39.707 "kimwooglae" null
06:42.128 "Kire" null
06:55.349 "Tom-Morrow-Racer" null
07:09.651 "satussy777" null
07:22.677 "think" null
08:23.581 "Giacomo" null
10:27.371 "suneric" null
11:49.046 "TiagoSantos" null
