01:57.947 "Yeti" null
02:02.682 "kimmizian" null
02:04.622 "Penguin-DNPds" null
02:15.284 "OneDudeDesign" null
02:18.321 "tranvietdung-DBS" null
02:20.235 "ABaykov" null
02:24.431 "TienHoang-DBS" null
02:34.247 "PolishThunder" null
02:35.054 "Kire" null
02:37.956 "WaveLabCup-test" null
02:46.118 "sasagawa-SEC" null
02:47.142 "mayurmadnani" null
02:53.724 "Jsol-Nakase" null
02:53.912 "Adam-H" null
02:56.532 "kimwooglae" null
03:04.245 "RunBabyRun" null
03:07.672 "ThumbOrDummy" null
03:12.188 "AM730" null
03:22.020 "MING-CHUN" null
03:22.635 "CloudCreative" null
03:24.253 "Duckworth" null
03:28.261 "ishizaki-SEC" null
03:32.676 "zl-ong" null
03:33.792 "Test1-2" null
03:49.702 "Ruddy" null
03:52.198 "MIS3B-1" null
03:56.280 "think" null
03:58.205 "nbz" null
04:04.631 "mani-20200420-01" null
04:09.223 "OscarIVECloud" null
04:23.136 "team-ichibanshibori" null
04:25.827 "Rakesh-Arumalla" null
04:45.108 "piano" null
05:00.022 "DarkChocolate" null
05:11.184 "GT-Racing" null
05:11.479 "Shiv" null
05:45.231 "Tabataku" null
05:48.854 "Kurosaki" null
06:36.871 "Personalee" null
06:37.218 "My-First-Deep-Racer" null
07:29.356 "SMYKsMagicBullet" null
08:22.071 "Claret" null
08:30.838 "nalbam-me" null
08:52.609 "Usin" null
09:13.963 "Sakthi-DBS" null
12:40.099 "Kolaisaac10" null
15:13.665 "sairam" null
