01:41.077 "RayG" null
01:42.097 "ShinyThings-DBS" null
01:43.433 "JJ" null
01:46.336 "Jianlong-DBS" null
01:56.881 "PolishThunder" null
01:58.575 "OneDudeDesign" null
02:01.044 "DBro" null
02:11.852 "nero-DNPds" null
02:12.356 "Mentaiko-DevelopersIO" null
02:17.830 "satussy777" null
02:19.974 "powerpeter" null
02:33.565 "Galileo" null
02:33.851 "ABaykov" null
02:38.943 "JPMC-London-03" null
02:47.875 "kimwooglae" null
02:50.095 "Yeti" null
02:50.383 "Kire" null
02:54.628 "sola-salon18" null
02:54.787 "RunBabyRun" null
02:56.768 "Smiles93" null
02:56.875 "Adam-H" null
02:57.932 "Robin-Castro" null
03:00.239 "X-DENSO" null
03:03.292 "MING-CHUN" null
03:06.994 "nalbam-me" null
03:09.545 "UNO-DENSO" null
03:14.532 "hoomy-DDSds" null
03:19.657 "think" null
03:23.564 "cmkrcs1" null
03:38.378 "piano" null
03:41.908 "CaliSchwiizer" null
03:59.493 "Jochem" null
04:27.380 "PaulMR" null
04:27.418 "Rakesh-Arumalla" null
04:39.027 "Wasabi-DevelopersIO" null
04:53.693 "PCI" null
04:58.551 "exterior-muzzle" null
05:13.918 "LarsT" null
05:18.390 "GT-Racing" null
05:26.372 "morethanayear" null
05:29.054 "nine9" null
05:29.840 "s1thind" null
05:54.770 "Asumi" null
06:14.322 "xiaoxdTest" null
06:21.109 "Lina" null
06:31.038 "MattCamp" null
06:35.540 "Superspeed" null
06:41.671 "Momotaro-DevelopersIO" null
06:41.982 "My-First-Deep-Racer" null
06:48.472 "ll" null
06:56.473 "henrysher" null
06:56.942 "CaroCar" null
07:33.386 "polstar-polish" null
08:01.417 "Bulldog99" null
08:23.319 "NgDinhNha" null
11:07.374 "SchoolRace" null
11:15.261 "Tarun99" null
11:46.435 "akrue" null
11:57.438 "IceManNCSU" null
