02:42.068 "PolishThunder" null
02:46.935 "OneDudeDesign" null
02:48.794 "DBro" null
02:49.106 "ABaykov" null
03:07.262 "nero-DNPds" null
03:20.742 "RunBabyRun" null
03:24.804 "sola-salon18" null
03:32.804 "Robin-Castro" null
03:39.106 "ShinyThings-DBS" null
03:57.273 "satussy777" null
04:20.436 "powerpeter" null
04:32.223 "PCI" null
04:55.488 "PaulMR" null
05:05.656 "CaliSchwiizer" null
05:08.168 "MING-CHUN" null
05:17.830 "Smiles93" null
05:36.525 "exterior-muzzle" null
05:48.199 "morethanayear" null
06:45.666 "think" null
07:09.741 "Asumi" null
07:13.935 "kimwooglae" null
08:12.580 "piano" null
08:44.908 "TheWackRacer" null
10:35.548 "nalbam-me" null
