00:57.108 "JJ" null
01:07.505 "Duckworth" null
01:13.053 "OneDudeDesign" null
01:22.788 "kimmizian" null
01:25.727 "PolishThunder" null
01:25.769 "TienHoang-DBS" null
01:27.194 "ABaykov" null
01:29.178 "Penguin-DNPds" null
01:32.391 "Airborne" null
01:33.779 "WaveLabCup-test" null
01:33.957 "tranvietdung-DBS" null
01:36.246 "sasagawa-SEC" null
01:36.305 "MM" null
01:42.675 "Yin" null
01:43.122 "samesame-KMTILXRAI" null
01:44.591 "Cindy-DBS" null
01:45.995 "Jsol-Nakase" null
01:46.213 "m0nkmaster" null
01:49.773 "nalbam-me" null
01:51.055 "Kire" null
01:51.170 "NAFleet-NCTF" null
01:52.009 "komine-SEC" null
01:53.081 "mayurmadnani" null
01:54.055 "Timmy-KMITL-RAI" null
01:54.434 "ishizaki-SEC" null
01:54.868 "Deepak-dpk" null
01:56.592 "muzi" null
01:56.753 "roman-toronto" null
01:56.804 "BoogieTimeProductions" null
01:57.154 "Terry-Li-HM" null
01:58.301 "MOROCAR" null
01:58.974 "CloudCreative" null
02:00.748 "dartjason" null
02:03.064 "Yeti" null
02:03.671 "Konatsu-bakuso" null
02:04.277 "asada-SEC" null
02:04.997 "kimwooglae" null
02:08.157 "BL334" null
02:08.351 "sawa" null
02:08.454 "DarkChocolate" null
02:08.701 "BlackInterceptor-of-OZ" null
02:08.839 "RunBabyRun" null
02:09.923 "Luckynumbers" null
02:11.208 "Ruddy" null
02:11.716 "TaylerUva" null
02:12.467 "OscarIVECloud" null
02:12.920 "ThumbOrDummy" null
02:13.671 "AM730" null
02:14.311 "McMuz70" null
02:14.960 "nbz" null
02:15.988 "MING-CHUN" null
02:16.592 "Tabataku" null
02:18.131 "ttt" null
02:19.199 "think" null
02:21.344 "Claret" null
02:23.209 "zl-ong" null
02:23.387 "mellowmonk" null
02:24.129 "BeJP-ChaseR" null
02:26.487 "charles-leclerc" null
02:26.571 "piano" null
02:26.601 "Shiv" null
02:27.055 "hashimoto-SEC" null
02:27.116 "Jozef-Mak" null
02:28.607 "waka" null
02:31.553 "Adam-H" null
02:33.041 "LightningZ" null
02:34.529 "Wasabi-DevelopersIO" null
02:35.016 "My-First-Deep-Racer" null
02:35.844 "YMZK-DENSO" null
02:38.355 "sndyJPMC" null
02:39.044 "JPMC-Bmth-02" null
02:41.221 "HK5-CAR1-eva1" null
02:42.019 "Kolaisaac10" null
02:43.004 "i727935-league" null
02:45.239 "MIS3B-1" null
02:46.918 "FRacer" null
02:47.699 "Swashes" null
02:50.093 "Test01-azusawa-001" null
02:52.344 "tutugreen" null
02:54.976 "iTRY" null
02:55.400 "bacc-sandbox-1" null
02:59.980 "minion" null
03:00.382 "TrevorC" null
03:02.031 "JMo" null
03:02.760 "heyitsadi" null
03:04.053 "HONG-IVE-CLOUD" null
03:04.678 "DR-Delaware-05" null
03:05.385 "validation" null
03:05.956 "RunRajaRun" null
03:07.619 "HydJulyTrial" null
03:07.944 "JonathanHalim-DBS" null
03:10.087 "yuli" null
03:10.178 "The-Wheels-Promise-4" null
03:11.091 "103" null
03:11.897 "SMYKsMagicBullet" null
03:14.501 "lotus" null
03:17.698 "TommyRacerX" null
03:19.781 "deepdish" null
03:21.601 "WilfredNgia-Grab" null
03:21.773 "QiaoGao-DBS" null
