01:01.622 "PoChun-NCTU-CGI" null
01:03.087 "JJ" null
01:06.271 "MiLKB" null
01:07.555 "OneDudeDesign" null
01:19.412 "kimmizian" null
01:20.094 "Kuei-NCTU-CGI" null
01:33.134 "Cindy-DBS" null
01:36.991 "JPMC-London-03" null
01:37.001 "Yeti" null
01:37.823 "ABaykov" null
01:37.884 "DBro" null
01:42.996 "Matt" null
01:44.225 "mayurmadnani" null
01:49.685 "PolishThunder" null
01:49.836 "nalbam-me" null
01:55.890 "SpeedForce" null
02:03.291 "nine9" null
02:05.380 "think" null
02:05.661 "MING-CHUN" null
02:06.695 "Galileo" null
02:07.212 "hoomy-DDSds" null
02:07.774 "Asumi" null
02:08.743 "RunBabyRun" null
02:10.438 "ishizaki-SEC" null
02:11.459 "JonathanRacer" null
02:12.277 "UncleGK-DBS" null
02:12.490 "Penguin-DNPds" null
02:12.674 "Adam-H" null
02:13.134 "AM730" null
02:18.107 "DarkChocolate" null
02:21.455 "kimwooglae" null
02:23.165 "sndyJPMC" null
02:24.406 "CruzRamirez" null
02:26.689 "Duckworth" null
02:28.037 "Groovy-DNPds" null
02:28.120 "Trinity" null
02:28.229 "BOL" null
02:29.235 "s1thind" null
02:34.263 "piano" null
02:37.151 "SapthagiriCollegeOfEngineeringBengaluru" null
02:37.873 "Lina" null
02:40.110 "Wasabi-DevelopersIO" null
02:40.929 "KasztP" null
02:42.745 "GT-Racing" null
02:42.981 "evapag" null
02:45.174 "jiyeokan" null
02:46.035 "exterior-muzzle" null
02:49.859 "PCI" null
02:53.880 "MIS3B-1" null
02:54.191 "My-First-Deep-Racer" null
02:58.665 "ShivashishBorah" null
03:02.513 "GAO" null
03:02.849 "SMYKsMagicBullet" null
03:11.105 "RichardFan" null
03:13.739 "onlythree" null
03:17.749 "Chun" null
03:21.248 "onepau" null
03:34.626 "Vasilisk" null
03:38.052 "HarshalM" null
03:38.707 "AIrtonSenna" null
03:39.156 "r00t" null
03:40.962 "william-IVE-Cloud" null
03:50.393 "McMuz70" null
04:11.778 "msckrishna" null
04:20.705 "djthecarguy" null
04:29.484 "Rakesh-Arumalla" null
04:46.267 "Oo7oO" null
05:16.934 "Sample" null
05:19.531 "Lil-Romy" null
05:30.760 "CuBinh-VNN" null
05:33.795 "Boldmoon" null
06:37.752 "Shashi" null
06:47.020 "Ahsan" null
06:47.600 "tariqtest" null
07:00.450 "Runner" null
09:31.936 "RACER1" null
