01:28.033 "JJ" null
01:36.670 "PolishThunder" null
01:48.038 "RichardFan" null
01:55.555 "DBro" null
01:59.933 "think" null
02:00.259 "GT-DevelopersIO" null
02:01.684 "leo-DNPds" null
02:08.226 "nero-DNPds" null
02:08.797 "ABaykov" null
02:08.895 "kimwooglae" null
02:10.130 "DriftKings-ET" null
02:10.556 "hiroisojp" null
02:11.684 "MattCamp" null
02:16.521 "Robin-Castro" null
02:20.875 "Mentaiko-DevelopersIO" null
02:21.827 "nalbam-me" null
02:36.328 "piano" null
02:55.775 "nalbam-mz" null
02:56.582 "IVaibhavMalpani" null
02:59.130 "Giacomo" null
03:01.181 "ShibaInu-DevelopersIO" null
03:10.880 "Etaggel" null
03:10.900 "TRS-DR" null
03:34.756 "Duckworth" null
03:35.369 "kdog" null
03:40.035 "Merfoulis" null
03:51.982 "AbdElrhman-Mohamed" null
03:56.015 "rodzanto" null
03:56.478 "chilmeran" null
04:01.259 "Breadcentric" null
04:05.857 "Kire" null
04:07.142 "BabyBoo" null
04:08.438 "DodolGarut" null
04:12.142 "Dizzurp" null
04:13.575 "Keaton" null
04:14.564 "Soothsayer" null
04:15.471 "bigfella" null
04:16.388 "maestrodigatto" null
04:17.060 "trainocate" null
04:22.758 "dartjason" null
04:54.610 "Marco-Buss" null
05:07.494 "cruise-aiders" null
05:08.185 "Wasabi-DevelopersIO" null
05:10.823 "HH" null
05:40.491 "BSi" null
05:49.868 "Tromax" null
06:12.970 "CruzRamirez" null
06:17.646 "zappypig" null
06:23.946 "smapler" null
06:24.105 "Edelweiss" null
06:25.492 "LuckyMan" null
06:28.634 "MyNameTaken" null
06:29.072 "evapag" null
06:31.494 "KDE" null
07:01.689 "Shymon" null
09:58.045 "DirtFish" null
