03:01.476 "ABaykov" null
03:05.889 "RayG" null
03:22.867 "OneDudeDesign" null
03:23.082 "PolishThunder" null
03:23.202 "Jianlong-DBS" null
03:30.529 "MattCamp" null
03:57.547 "Etaggel" null
04:03.028 "Hagibis" null
04:15.737 "nalbam-me" null
04:19.567 "think" null
04:22.964 "DriftKings-ET" null
04:30.146 "SpeedFreak" null
04:40.521 "DBro" null
04:41.458 "BlueDevil" null
04:43.321 "piano" null
04:50.806 "satussy777" null
04:55.919 "Robin-Castro" null
05:37.172 "avni" null
05:52.762 "Rakesh-Arumalla" null
06:10.794 "Kire" null
07:08.446 "kimwooglae" null
07:15.515 "TiagoSantos" null
08:07.892 "Tom-Morrow-Racer" null
08:11.536 "RichardFan" null
08:13.573 "Galileo" null
08:24.905 "bluetulipz" null
08:42.148 "Giacomo" null
09:36.047 "hiroisojp" null
09:59.642 "ti3898" null
10:13.560 "GOODLAUGH" null
10:50.004 "mayurmadnani" null
12:55.030 "Wasabi-DevelopersIO" null
13:13.318 "shibo" null
17:07.431 "Logan3" null
