1778.600 RichardFan
1776.859 DBro
1765.251 ABaykov
1749.602 kimwooglae
1737.749 GT-DevelopersIO
1734.155 think
1726.175 piano
1725.008 JJ
1712.425 DriftKings-ET
1709.560 nalbam-me
1707.729 PolishThunder
1685.961 Robin-Castro
1642.039 MattCamp
1624.459 Mentaiko-DevelopersIO
1624.281 chilmeran
1620.561 Merfoulis
1615.680 ShibaInu-DevelopersIO
1614.177 Giacomo
1552.364 maestrodigatto
1542.584 Breadcentric
1527.838 hiroisojp
1526.076 dartjason
1520.082 AbdElrhman-Mohamed
1513.692 TRS-DR
1505.623 Kire
1503.790 Etaggel
1487.132 Duckworth
1485.893 DodolGarut
1459.553 BabyBoo
1438.775 IVaibhavMalpani
1433.015 Soothsayer
1427.840 trainocate
1408.325 nalbam-mz
1400.699 rodzanto
1356.816 bigfella
