00:23.363 "Karl-NAB" null
00:23.475 "JJ" null
00:25.208 "PolishThunder" null
00:25.475 "GT-DevelopersIO" null
00:26.008 "OneDudeDesign" null
00:26.060 "Ernesto" null
00:26.515 "MattCamp" null
00:26.588 "Yeti" null
00:27.088 "Mentaiko-DevelopersIO" null
00:27.799 "DBro" null
00:27.852 "Duckworth" null
00:28.475 "Robin-Castro" null
00:28.908 "svenus" null
00:29.154 "ShinyThings-DBS" null
00:29.353 "Galileo" null
00:29.545 "Joffe" null
00:29.603 "Fumiaki" null
00:29.764 "Giacomo" null
00:30.285 "nero-DNPds" null
00:30.394 "NewSpeed" null
00:30.667 "Team3D-Internal-Race1" null
00:30.922 "Smiles93" null
00:30.967 "GDMSDeepRacerRI-1" null
00:30.978 "ABaykov" null
00:31.166 "json" null
00:31.570 "Team-3D-Internal-Race-2B" null
00:31.579 "Test01-azusawa-001" null
00:31.780 "Jianlong-DBS" null
00:31.862 "HarinWu" null
00:32.079 "IcePandaBoom" null
00:32.230 "iana" null
00:33.104 "test-race01" null
00:33.107 "mayurmadnani" null
00:33.399 "nalbam-me" null
00:33.433 "VaughanDiesel" null
00:33.958 "MING-CHUN" null
00:34.262 "X-DENSO" null
00:34.353 "Yxcas-DBS" null
00:34.616 "s1thind" null
00:34.898 "atnmn635309" null
00:34.993 "Fighting-Deep-Racer" null
00:35.002 "Garage-ISEP" null
00:35.026 "bluetulipz" null
00:35.160 "Brandonywl" null
00:36.115 "Tarun99" null
00:36.196 "sunaba" null
00:36.233 "Jerec" null
00:36.267 "tekgrl" null
00:36.553 "piano" null
00:37.110 "kimwooglae" null
00:37.265 "Catherine-Lu" null
00:37.554 "Zane-L" null
00:37.767 "BSi" null
00:38.175 "YMG-DNPds" null
00:38.196 "Etaggel" null
00:38.613 "think" null
00:38.664 "JonathanRacer" null
00:39.584 "Redfalcon5" null
00:39.607 "Sai-Cherukuri" null
00:39.912 "Groovy-DNPds" null
00:40.783 "PininfarinaDeutschland-T1" null
00:41.142 "JPMC-London-03" null
00:41.191 "nine9" null
00:41.193 "GummyBear" null
00:42.073 "Dolphin-DNPds" null
00:42.286 "skanumuri" null
00:42.344 "AFS" null
00:42.542 "rclaveau" null
00:42.758 "Carl" null
00:42.777 "team-ichibanshibori" null
00:42.994 "WWWWWWWWWWWWWWWW" null
00:43.021 "Test1-2" null
00:43.552 "AlmaWin" null
00:43.880 "voyager-DNPds" null
00:44.087 "Kire" null
00:44.265 "MiLKB-DBS" null
00:44.294 "RhysG" null
00:44.444 "SBPE" null
00:44.488 "Sundar-DBS" null
00:44.645 "TestRaceTW" null
00:44.680 "KikakuTeamA" null
00:45.290 "JPMC-Bmth-02" null
00:45.336 "hoomy-DDSds" null
00:45.874 "BOL" null
00:47.106 "Penguin-DNPds" null
00:47.542 "Giant-YOngky" null
00:48.456 "FLNGRY" null
00:48.602 "Polaris-DNPds" null
00:48.660 "Etupirka-DNPds" null
00:48.693 "Dumbo" null
00:49.383 "onepau" null
00:49.462 "MIS3B-1" null
00:49.462 "Merfoulis" null
00:49.486 "KAWAHI" null
00:49.837 "My-First-Deep-Racer" null
00:50.029 "JPMC-London-05" null
00:50.181 "carcar" null
00:50.348 "Asumi" null
00:50.356 "Blackcar" null
00:50.719 "mocha" null
