00:23.206 "JJ" null
00:23.754 "Karl-NAB" null
00:24.952 "IcePandaBoom" null
00:25.303 "PolishThunder" null
00:25.686 "OneDudeDesign" null
00:26.313 "MiLKB" null
00:26.579 "X-DENSO" null
00:27.087 "Cindy-DBS" null
00:27.138 "kimmizian" null
00:27.845 "Duckworth" null
00:28.081 "YMZK-DENSO" null
00:28.141 "OscarIVECloud" null
00:28.324 "alexj" null
00:28.386 "JonathanRacer" null
00:28.689 "Garage-ISEP" null
00:28.854 "satussy777" null
00:29.158 "JPMC-London-03" null
00:29.199 "UNO-DENSO" null
00:29.570 "UncleGK-DBS" null
00:29.616 "YUTAM-DENSO" null
00:29.814 "KevinS" null
00:30.877 "jellyTunaSalad" null
00:31.986 "ABaykov" null
00:32.092 "mayurmadnani" null
00:32.315 "nalbam-me" null
00:32.381 "Matt" null
00:32.390 "sndyJPMC" null
00:33.589 "Moodys2020SummerRace" null
00:35.269 "kimwooglae" null
00:35.425 "Tarun99" null
00:36.365 "piano" null
00:36.368 "Beautiful-Dream" null
00:36.448 "JPMC-Bmth-02" null
00:36.509 "Venkatesh" null
00:36.943 "think" null
00:36.994 "voyager-DNPds" null
00:37.344 "mellowmonk" null
00:37.398 "Wings" null
00:37.440 "s1thind" null
00:38.022 "YODA" null
00:38.324 "Penguin-DNPds" null
00:38.395 "Jerec" null
00:38.664 "SpeedRizzle2" null
00:38.992 "Lina" null
00:39.268 "2nd" null
00:39.830 "Deepak-dpk" null
00:41.123 "Swashes" null
00:42.625 "hiroisojp" null
00:42.786 "TheFishFactory" null
00:43.077 "Sundar-DBS" null
00:43.193 "nine9" null
00:43.225 "WaveLabCup-test" null
00:43.254 "SK-DENSO" null
00:43.262 "haikal-DBS" null
00:43.773 "BoogieTimeProductions" null
00:43.885 "Z4" null
00:43.898 "hirosys" null
00:44.540 "Sophon-PWY" null
00:44.818 "mssalvadk-DBS" null
00:45.118 "SpeedForce" null
00:45.504 "HarshalM" null
00:46.515 "ShivashishBorah" null
00:46.616 "Hobey" null
00:47.774 "GAO" null
00:48.037 "Razr" null
00:48.049 "Kinonotabi" null
00:49.293 "quibski" null
00:49.435 "prototype" null
00:49.602 "BOL" null
00:49.873 "Nils-DBS" null
00:49.952 "MY-Crew" null
00:50.981 "Chun" null
00:51.555 "hoomy-DDSds" null
00:52.072 "MSC-MKSN" null
00:52.257 "My-First-Deep-Racer" null
00:52.285 "BeJP-ChaseR" null
00:53.311 "AM730" null
00:53.315 "AlexXue" null
00:53.629 "MING-CHUN" null
00:53.982 "Wasabi-DevelopersIO" null
00:54.283 "Yuka-DBS" null
00:54.409 "ReisBE-DangeRacer" null
00:54.622 "All-We-Share-BVD" null
00:54.744 "TigerSpeed2" null
00:55.231 "WLHG" null
00:56.114 "Shangshu" null
00:56.367 "eco" null
00:57.292 "onepau" null
00:58.275 "CODEGYM" null
00:58.555 "Red-Cow-Rally-Team" null
00:59.193 "WilfredNgia-Grab" null
01:00.406 "Adam-H" null
01:00.537 "Yxcas-DBS" null
01:02.057 "Jozef-Mak" null
01:02.470 "app-ezi-motorsports" null
01:04.094 "DeLorean" null
01:04.889 "TonyPham" null
01:07.564 "JustPureVelocity" null
01:08.108 "KasztP" null
01:08.246 "Trinity" null
