00:37.709 "dartjason" null
00:37.930 "OneDudeDesign" null
00:38.177 "JJ" null
00:40.809 "gigi-DNPds" null
00:40.981 "RayG" null
00:44.780 "Mentaiko-DevelopersIO" null
00:46.016 "nero-DNPds" null
00:46.115 "PolishThunder" null
00:46.307 "Karl-NAB" null
00:46.343 "Fumiaki" null
00:49.354 "MattCamp" null
00:52.093 "Keaton" null
00:52.114 "nalbam-me" null
00:52.544 "Jianlong-DBS" null
00:52.839 "Etaggel" null
00:54.032 "Galileo" null
00:54.216 "FLNGRY" null
00:56.017 "Myplanet-Rogue-One" null
00:56.130 "DBro" null
00:57.073 "Lazuli" null
00:58.466 "Tarun99" null
00:59.566 "Robin-Castro" null
00:59.818 "BSi" null
01:03.180 "juvchan" null
01:04.152 "kimwooglae" null
01:06.167 "Kire" null
01:08.997 "think" null
01:13.090 "ABaykov" null
01:16.043 "Sid-AABG" null
01:17.264 "hiroisojp" null
01:17.599 "mayurmadnani" null
01:18.691 "piano" null
01:21.298 "anvillasoto" null
01:21.373 "Ernesto" null
01:22.667 "RichardFan" null
01:24.377 "nine9" null
01:24.463 "Wasabi-DevelopersIO" null
01:26.925 "leo-DNPds" null
01:27.273 "jdoc" null
01:28.625 "meharmadnani" null
01:28.968 "HarinWu" null
01:31.633 "Zane-L" null
01:32.148 "Caleb-DBS" null
01:32.704 "morethanayear" null
01:33.416 "Dumbo" null
01:34.000 "Jerec" null
01:34.536 "NandoLorris" null
01:34.589 "wss23" null
01:35.032 "Jochem" null
01:36.058 "KasztP" null
01:36.085 "Chiron" null
01:36.441 "Smiles93" null
01:36.887 "SonuJalan" null
01:37.727 "Fighting-Deep-Racer" null
01:37.728 "Foscar" null
01:41.890 "sola-salon18" null
01:41.957 "KAWAHI" null
01:42.137 "Dgray" null
01:43.148 "Tom-Morrow-Racer" null
01:43.926 "s1thind" null
01:44.809 "deep-demo" null
01:46.932 "IceManNCSU" null
01:47.482 "IVaibhavMalpani" null
01:47.864 "HerbieNL" null
01:50.381 "GT-Racing" null
01:50.607 "aa312" null
01:50.706 "GoodmanKR" null
01:51.794 "Joffe" null
01:52.433 "Raptor-DR" null
01:53.416 "Chinos1" null
01:57.502 "BespinRacer" null
01:58.705 "kotaro-DNPds" null
01:59.159 "nlazouzi" null
02:01.335 "JonathanRacer" null
02:02.468 "ANCILE" null
02:03.009 "MING-CHUN" null
02:04.491 "bly" null
02:05.674 "NicoleRace" null
02:06.782 "GummyBear" null
02:07.619 "BenThunderBoss" null
02:07.757 "Srhastag" null
02:07.888 "Rakesh-Arumalla" null
02:08.851 "bluetulipz" null
02:10.028 "DannyRic" null
02:10.411 "ronnemo" null
02:11.063 "megadriver" null
02:12.265 "MWH" null
02:13.998 "quibski" null
02:14.884 "Giant-YOngky" null
02:15.711 "Adam-H" null
02:16.159 "HKC2EBasic" null
02:16.964 "LEEONYOU" null
02:20.096 "EdukasyonPHIntern" null
02:20.428 "JKRacer" null
02:20.665 "taishi" null
02:21.141 "laszlo-kiss" null
02:21.709 "Sid-AWS" null
02:22.224 "RyanC" null
02:22.497 "WWWWWWWWWWWWWWWW" null
02:22.940 "Lhavanya" null
