00:23.835 "dartjason" null
00:24.036 "JJ" null
00:24.959 "Keaton" null
00:25.048 "Karl-NAB" null
00:25.762 "GT-DevelopersIO" null
00:26.252 "OneDudeDesign" null
00:26.419 "PolishThunder" null
00:27.725 "Robin-Castro" null
00:29.017 "Etaggel" null
00:29.818 "MattCamp" null
00:30.208 "nero-DNPds" null
00:30.809 "RayG" null
00:30.920 "nalbam-me" null
00:31.160 "DBro" null
00:31.185 "Mentaiko-DevelopersIO" null
00:31.223 "ABaykov" null
00:31.358 "Ernesto" null
00:31.736 "Kire" null
00:31.815 "Jianlong-DBS" null
00:32.416 "Hagibis" null
00:33.341 "Jochem" null
00:33.719 "juvchan" null
00:33.778 "Fumiaki" null
00:33.815 "JonathanRacer" null
00:33.990 "MING-CHUN" null
00:34.267 "Fighting-Deep-Racer" null
00:35.180 "leo-DNPds" null
00:35.235 "Zane-L" null
00:35.265 "Smiles93" null
00:35.268 "Duckworth" null
00:35.448 "bluetulipz" null
00:35.580 "Myplanet-Rogue-One" null
00:35.862 "ESADE-MIBA-2" null
00:36.183 "CruzRamirez" null
00:36.531 "piano" null
00:36.613 "morethanayear" null
00:36.652 "jdoc" null
00:36.869 "anvillasoto" null
00:37.030 "Suanlah" null
00:37.291 "kimwooglae" null
00:37.379 "tekgrl" null
00:37.428 "sunaba" null
00:37.442 "Alfcanada" null
00:37.859 "think" null
00:38.249 "ShinyThings-DBS" null
00:38.288 "Galileo" null
00:38.675 "zut" null
00:39.137 "HarinWu" null
00:39.265 "YMG-DNPds" null
00:39.267 "chandubin" null
00:39.650 "BSi" null
00:39.776 "Redfalcon5" null
00:40.084 "flatearth" null
00:40.293 "WWWWWWWWWWWWWWWW" null
00:40.326 "Shrek" null
00:40.732 "AlmaWin" null
00:40.833 "s1thind" null
00:41.584 "Roxies-Racer" null
00:41.717 "BenThunderBoss" null
00:41.821 "mayurmadnani" null
00:41.863 "NewSpeed" null
00:42.565 "prototype" null
00:43.051 "DR-Boong" null
00:43.201 "taishi" null
00:43.416 "skanumuri" null
00:43.426 "Raptor-DR" null
00:44.197 "nine9" null
00:44.281 "GummyBear" null
00:44.310 "Jerec" null
00:44.474 "SBPE" null
00:45.759 "ESADE-MIBA-3" null
00:45.957 "Lilou-2" null
00:46.032 "TestRaceTW" null
00:46.084 "TonyJ" null
00:47.479 "Team3D-Internal-Race1" null
00:47.667 "SonuJalan" null
00:47.701 "Chinos1" null
00:47.799 "Aurora-DNPds" null
00:47.837 "svenus" null
00:47.858 "Srhastag" null
00:47.922 "ShortCircuit" null
00:48.059 "hoomy-DDSds" null
00:48.366 "SCS3-Actual" null
00:48.376 "GoodmanKR" null
00:48.383 "KAWAHI" null
00:48.486 "Ohrid" null
00:48.727 "Joechan-DBS" null
00:49.106 "Trevor-DBS" null
00:49.370 "Tarun99" null
00:49.415 "BespinRacer" null
00:49.434 "BOL" null
00:50.704 "IVaibhavMalpani" null
00:50.716 "Sid-AWS" null
00:50.779 "Foscar" null
00:51.143 "mura" null
00:52.093 "hiroisojp" null
00:52.144 "ShibaInu-DevelopersIO" null
00:52.156 "IceManNCSU" null
00:52.247 "avni" null
00:53.493 "TiagoSantos" null
