00:35.690 "JJ" null
00:41.168 "Karl-NAB" null
00:42.162 "kimmizian" null
00:49.021 "Jianlong-DBS" null
00:49.058 "X-DENSO" null
00:49.068 "OneDudeDesign" null
00:52.496 "MiLKB" null
00:55.099 "Duckworth" null
00:55.767 "YMZK-DENSO" null
00:58.840 "Tarun99" null
01:06.473 "ABaykov" null
01:09.011 "piano" null
01:10.261 "think" null
01:13.379 "kimwooglae" null
01:15.464 "GT-Racing" null
01:16.791 "OscarIVECloud" null
01:16.801 "AM730" null
01:18.252 "Lina" null
01:19.058 "Matt" null
01:20.115 "Wasabi-DevelopersIO" null
01:20.519 "quibski" null
01:20.614 "PolishThunder" null
01:28.281 "mayurmadnani" null
01:29.047 "KevinS" null
01:29.247 "mssalvadk-DBS" null
01:29.851 "My-First-Deep-Racer" null
01:30.447 "SMYKsMagicBullet" null
01:31.492 "r00t" null
01:34.062 "s1thind" null
01:36.084 "Adam-H" null
01:36.293 "KasztP" null
01:36.868 "william-IVE-Cloud" null
01:41.297 "MING-CHUN" null
01:47.417 "sndyJPMC" null
01:48.314 "Chun" null
01:49.383 "onlythree" null
01:50.694 "JustPureVelocity" null
01:52.111 "nine9" null
01:56.744 "exterior-muzzle" null
01:57.279 "SpeedForce" null
02:18.252 "satussy777" null
02:31.671 "Rakesh-Arumalla" null
02:40.619 "onepau" null
03:39.838 "AWS-Innovate-Challenge" null
