00:23.651 "JJ" null
00:24.269 "Karl-NAB" null
00:25.602 "PolishThunder" null
00:26.240 "OneDudeDesign" null
00:29.921 "Fumiaki" null
00:30.474 "Wings" null
00:31.430 "ABaykov" null
00:32.182 "nero-DNPds" null
00:32.326 "Yeti" null
00:33.910 "Joffe" null
00:33.975 "Garage-ISEP" null
00:34.654 "BL334" null
00:35.087 "kito-DNPds" null
00:35.454 "GummyBear" null
00:35.733 "mayurmadnani" null
00:37.731 "kimwooglae" null
00:38.155 "JonathanRacer" null
00:39.488 "Lina" null
00:39.790 "nalbam-me" null
00:40.353 "Tarun99" null
00:41.258 "BSi" null
00:42.348 "piano" null
00:42.642 "think" null
00:44.038 "TheFishFactory" null
00:44.576 "UNO-DENSO" null
00:46.467 "Groovy-DNPds" null
00:50.998 "s1thind" null
00:51.055 "Matt" null
00:55.438 "atnmn635309" null
00:57.644 "Asumi" null
00:59.515 "mellowmonk" null
01:03.812 "Wasabi-DevelopersIO" null
01:09.621 "Rakesh-Arumalla" null
01:12.025 "KasztP" null
01:12.374 "PrimeWheels" null
01:19.745 "X-Zhao" null
01:23.664 "GT-Racing" null
01:48.060 "sairam" null
01:52.742 "SMYKsMagicBullet" null
04:19.208 "Venkatesh" null
