00:33.855 "JJ" null
00:39.176 "Karl-NAB" null
00:42.503 "Fumiaki" null
00:43.468 "Ernesto" null
00:45.109 "OneDudeDesign" null
00:46.446 "ABaykov" null
00:46.665 "nero-DNPds" null
00:48.143 "ShinyThings-DBS" null
00:48.758 "PolishThunder" null
00:49.918 "Smiles93" null
00:51.168 "DBro" null
00:53.084 "Jianlong-DBS" null
00:54.198 "MattCamp" null
00:54.420 "BSi" null
00:55.800 "Galileo" null
00:56.935 "nalbam-me" null
01:04.912 "kimwooglae" null
01:08.508 "Giacomo" null
01:09.704 "think" null
01:10.901 "Yeti" null
01:13.525 "Kire" null
01:14.738 "piano" null
01:15.230 "Duckworth" null
01:15.572 "nine9" null
01:16.988 "Robin-Castro" null
01:17.042 "Mentaiko-DevelopersIO" null
01:18.314 "mayurmadnani" null
01:18.371 "Tarun99" null
01:27.822 "FoscarSun" null
01:30.787 "firnnauriel" null
01:30.815 "Wasabi-DevelopersIO" null
01:31.319 "X-DENSO" null
01:34.852 "s1thind" null
01:36.095 "NewSpeed" null
01:37.737 "Adam-H" null
01:44.470 "BoltzSpeed" null
01:49.540 "LeapStart" null
01:51.163 "bluetulipz" null
01:51.545 "tekgrl" null
01:52.096 "Momotaro-DevelopersIO" null
01:52.129 "Etaggel" null
01:52.864 "FLNGRY" null
01:54.921 "exterior-muzzle" null
02:04.774 "onepau" null
02:05.224 "Ashish-Langote" null
02:05.378 "MING-CHUN" null
02:05.648 "ThatChocolateGuy" null
02:08.704 "HongKongers" null
02:13.271 "NgDinhNha" null
02:15.225 "Rakesh-Arumalla" null
02:16.204 "GT-Racing" null
02:25.199 "foscarrrrr" null
02:30.669 "CaliSchwiizer" null
02:34.238 "IceManNCSU" null
03:40.048 "msckrishna" null
