00:40.752 "PolishThunder" null
00:41.623 "Karl-NAB" null
00:42.512 "OneDudeDesign" null
00:45.473 "JJ" null
00:48.737 "Fumiaki" null
00:53.142 "ABaykov" null
00:53.290 "Jianlong-DBS" null
00:55.865 "nero-DNPds" null
00:58.653 "piano" null
01:03.870 "nalbam-me" null
01:04.875 "Wings" null
01:06.309 "Tarun99" null
01:07.925 "Yeti" null
01:08.316 "Penguin-DNPds" null
01:13.284 "mayurmadnani" null
01:17.202 "kimwooglae" null
01:17.811 "s1thind" null
01:20.120 "Lina" null
01:28.595 "TARS" null
01:30.190 "think" null
01:35.580 "KasztP" null
01:35.784 "Asumi" null
01:42.060 "Groovy-DNPds" null
01:55.094 "Wasabi-DevelopersIO" null
01:56.059 "BSi" null
02:03.105 "GT-Racing" null
02:03.313 "SMYKsMagicBullet" null
02:07.375 "Rakesh-Arumalla" null
02:27.152 "Venkatesh" null
